C:\USERS\FRANCIS\DOCUMENTS\LECTIONES\MMXV AUTUMNUS\DB\DBPROJECT\DBPROJECT\DEBUG\SOCKET.OBJ
C:\USERS\FRANCIS\DOCUMENTS\LECTIONES\MMXV AUTUMNUS\DB\DBPROJECT\DBPROJECT\DEBUG\TESTFILESYSTEM.OBJ
C:\USERS\FRANCIS\DOCUMENTS\LECTIONES\MMXV AUTUMNUS\DB\DBPROJECT\DBPROJECT\DEBUG\QLM.OBJ
C:\USERS\FRANCIS\DOCUMENTS\LECTIONES\MMXV AUTUMNUS\DB\DBPROJECT\DBPROJECT\DEBUG\TABLE.OBJ
C:\USERS\FRANCIS\DOCUMENTS\LECTIONES\MMXV AUTUMNUS\DB\DBPROJECT\DBPROJECT\DEBUG\TESTSTORAGE.OBJ
C:\USERS\FRANCIS\DOCUMENTS\LECTIONES\MMXV AUTUMNUS\DB\DBPROJECT\DBPROJECT\DEBUG\VAR.OBJ
C:\USERS\FRANCIS\DOCUMENTS\LECTIONES\MMXV AUTUMNUS\DB\DBPROJECT\DBPROJECT\DEBUG\CREATEDB.OBJ
C:\USERS\FRANCIS\DOCUMENTS\LECTIONES\MMXV AUTUMNUS\DB\DBPROJECT\DBPROJECT\DEBUG\DBMANAGER.OBJ
C:\USERS\FRANCIS\DOCUMENTS\LECTIONES\MMXV AUTUMNUS\DB\DBPROJECT\DBPROJECT\DEBUG\VC110.PDB
C:\USERS\FRANCIS\DOCUMENTS\LECTIONES\MMXV AUTUMNUS\DB\DBPROJECT\DBPROJECT\DEBUG\PARSE.OBJ
C:\USERS\FRANCIS\DOCUMENTS\LECTIONES\MMXV AUTUMNUS\DB\DBPROJECT\DBPROJECT\DEBUG\DBP1.ILK
C:\USERS\FRANCIS\DOCUMENTS\LECTIONES\MMXV AUTUMNUS\DB\DBPROJECT\DBPROJECT\DEBUG\DBP1.EXE
C:\USERS\FRANCIS\DOCUMENTS\LECTIONES\MMXV AUTUMNUS\DB\DBPROJECT\DBPROJECT\DEBUG\DBP1.PDB
C:\Users\Francis\Documents\Lectiones\MMXV Autumnus\DB\DBProject\DBProject\Debug\createDb.obj
C:\Users\Francis\Documents\Lectiones\MMXV Autumnus\DB\DBProject\DBProject\Debug\dbManager.obj
C:\Users\Francis\Documents\Lectiones\MMXV Autumnus\DB\DBProject\DBProject\Debug\parse.obj
C:\Users\Francis\Documents\Lectiones\MMXV Autumnus\DB\DBProject\DBProject\Debug\qlm.obj
C:\Users\Francis\Documents\Lectiones\MMXV Autumnus\DB\DBProject\DBProject\Debug\socket.obj
C:\Users\Francis\Documents\Lectiones\MMXV Autumnus\DB\DBProject\DBProject\Debug\Table.obj
C:\Users\Francis\Documents\Lectiones\MMXV Autumnus\DB\DBProject\DBProject\Debug\testfilesystem.obj
C:\Users\Francis\Documents\Lectiones\MMXV Autumnus\DB\DBProject\DBProject\Debug\teststorage.obj
C:\Users\Francis\Documents\Lectiones\MMXV Autumnus\DB\DBProject\DBProject\Debug\Var.obj
C:\Users\Francis\Documents\Lectiones\MMXV Autumnus\DB\DBProject\DBProject\Debug\dbp1.ilk
C:\Users\Francis\Documents\Lectiones\MMXV Autumnus\DB\DBProject\DBProject\Debug\cl.command.1.tlog
C:\Users\Francis\Documents\Lectiones\MMXV Autumnus\DB\DBProject\DBProject\Debug\CL.read.1.tlog
C:\Users\Francis\Documents\Lectiones\MMXV Autumnus\DB\DBProject\DBProject\Debug\CL.write.1.tlog
C:\Users\Francis\Documents\Lectiones\MMXV Autumnus\DB\DBProject\DBProject\Debug\link-cvtres.read.1.tlog
C:\Users\Francis\Documents\Lectiones\MMXV Autumnus\DB\DBProject\DBProject\Debug\link-cvtres.write.1.tlog
C:\Users\Francis\Documents\Lectiones\MMXV Autumnus\DB\DBProject\DBProject\Debug\link-rc.read.1.tlog
C:\Users\Francis\Documents\Lectiones\MMXV Autumnus\DB\DBProject\DBProject\Debug\link-rc.write.1.tlog
C:\Users\Francis\Documents\Lectiones\MMXV Autumnus\DB\DBProject\DBProject\Debug\link.command.1.tlog
C:\Users\Francis\Documents\Lectiones\MMXV Autumnus\DB\DBProject\DBProject\Debug\link.read.1.tlog
C:\Users\Francis\Documents\Lectiones\MMXV Autumnus\DB\DBProject\DBProject\Debug\link.write.1.tlog
C:\Users\Francis\Documents\Lectiones\MMXV Autumnus\DB\DBProject\DBProject\Debug\vc110.idb
C:\Users\Francis\Documents\Lectiones\MMXV Autumnus\DB\DBProject\DBProject\Debug\dbp1.pdb
C:\Users\Francis\Documents\Lectiones\MMXV Autumnus\DB\DBProject\DBProject\Debug\vc110.pdb
C:\Users\Francis\Documents\Lectiones\MMXV Autumnus\DB\DBProject\DBProject\Debug\dbp1.exe
